mode: set
github.com/simonsimonian1/modulo7_GoWeb/clase3/C3-tm-estructuraDeCapas/EjerciciosPersonales/grupo4_clase7_tm/internal/users/repository.go:37.47,39.16 2 1
github.com/simonsimonian1/modulo7_GoWeb/clase3/C3-tm-estructuraDeCapas/EjerciciosPersonales/grupo4_clase7_tm/internal/users/repository.go:42.2,42.19 1 1
github.com/simonsimonian1/modulo7_GoWeb/clase3/C3-tm-estructuraDeCapas/EjerciciosPersonales/grupo4_clase7_tm/internal/users/repository.go:39.16,41.3 1 0
github.com/simonsimonian1/modulo7_GoWeb/clase3/C3-tm-estructuraDeCapas/EjerciciosPersonales/grupo4_clase7_tm/internal/users/repository.go:45.44,47.48 2 1
github.com/simonsimonian1/modulo7_GoWeb/clase3/C3-tm-estructuraDeCapas/EjerciciosPersonales/grupo4_clase7_tm/internal/users/repository.go:50.2,50.21 1 1
github.com/simonsimonian1/modulo7_GoWeb/clase3/C3-tm-estructuraDeCapas/EjerciciosPersonales/grupo4_clase7_tm/internal/users/repository.go:53.2,53.36 1 1
github.com/simonsimonian1/modulo7_GoWeb/clase3/C3-tm-estructuraDeCapas/EjerciciosPersonales/grupo4_clase7_tm/internal/users/repository.go:47.48,49.3 1 0
github.com/simonsimonian1/modulo7_GoWeb/clase3/C3-tm-estructuraDeCapas/EjerciciosPersonales/grupo4_clase7_tm/internal/users/repository.go:50.21,52.3 1 1
github.com/simonsimonian1/modulo7_GoWeb/clase3/C3-tm-estructuraDeCapas/EjerciciosPersonales/grupo4_clase7_tm/internal/users/repository.go:56.139,61.16 3 1
github.com/simonsimonian1/modulo7_GoWeb/clase3/C3-tm-estructuraDeCapas/EjerciciosPersonales/grupo4_clase7_tm/internal/users/repository.go:64.2,66.48 3 1
github.com/simonsimonian1/modulo7_GoWeb/clase3/C3-tm-estructuraDeCapas/EjerciciosPersonales/grupo4_clase7_tm/internal/users/repository.go:70.2,70.15 1 1
github.com/simonsimonian1/modulo7_GoWeb/clase3/C3-tm-estructuraDeCapas/EjerciciosPersonales/grupo4_clase7_tm/internal/users/repository.go:61.16,63.3 1 0
github.com/simonsimonian1/modulo7_GoWeb/clase3/C3-tm-estructuraDeCapas/EjerciciosPersonales/grupo4_clase7_tm/internal/users/repository.go:66.48,68.3 1 0
github.com/simonsimonian1/modulo7_GoWeb/clase3/C3-tm-estructuraDeCapas/EjerciciosPersonales/grupo4_clase7_tm/internal/users/repository.go:73.140,77.16 4 1
github.com/simonsimonian1/modulo7_GoWeb/clase3/C3-tm-estructuraDeCapas/EjerciciosPersonales/grupo4_clase7_tm/internal/users/repository.go:80.2,82.23 3 1
github.com/simonsimonian1/modulo7_GoWeb/clase3/C3-tm-estructuraDeCapas/EjerciciosPersonales/grupo4_clase7_tm/internal/users/repository.go:91.2,91.14 1 1
github.com/simonsimonian1/modulo7_GoWeb/clase3/C3-tm-estructuraDeCapas/EjerciciosPersonales/grupo4_clase7_tm/internal/users/repository.go:94.2,94.15 1 1
github.com/simonsimonian1/modulo7_GoWeb/clase3/C3-tm-estructuraDeCapas/EjerciciosPersonales/grupo4_clase7_tm/internal/users/repository.go:77.16,79.3 1 0
github.com/simonsimonian1/modulo7_GoWeb/clase3/C3-tm-estructuraDeCapas/EjerciciosPersonales/grupo4_clase7_tm/internal/users/repository.go:82.23,83.26 1 1
github.com/simonsimonian1/modulo7_GoWeb/clase3/C3-tm-estructuraDeCapas/EjerciciosPersonales/grupo4_clase7_tm/internal/users/repository.go:83.26,85.50 2 1
github.com/simonsimonian1/modulo7_GoWeb/clase3/C3-tm-estructuraDeCapas/EjerciciosPersonales/grupo4_clase7_tm/internal/users/repository.go:88.4,88.18 1 1
github.com/simonsimonian1/modulo7_GoWeb/clase3/C3-tm-estructuraDeCapas/EjerciciosPersonales/grupo4_clase7_tm/internal/users/repository.go:85.50,87.5 1 0
github.com/simonsimonian1/modulo7_GoWeb/clase3/C3-tm-estructuraDeCapas/EjerciciosPersonales/grupo4_clase7_tm/internal/users/repository.go:91.14,93.3 1 0
github.com/simonsimonian1/modulo7_GoWeb/clase3/C3-tm-estructuraDeCapas/EjerciciosPersonales/grupo4_clase7_tm/internal/users/repository.go:97.90,101.16 4 1
github.com/simonsimonian1/modulo7_GoWeb/clase3/C3-tm-estructuraDeCapas/EjerciciosPersonales/grupo4_clase7_tm/internal/users/repository.go:105.2,105.23 1 1
github.com/simonsimonian1/modulo7_GoWeb/clase3/C3-tm-estructuraDeCapas/EjerciciosPersonales/grupo4_clase7_tm/internal/users/repository.go:117.2,117.14 1 1
github.com/simonsimonian1/modulo7_GoWeb/clase3/C3-tm-estructuraDeCapas/EjerciciosPersonales/grupo4_clase7_tm/internal/users/repository.go:120.2,120.18 1 1
github.com/simonsimonian1/modulo7_GoWeb/clase3/C3-tm-estructuraDeCapas/EjerciciosPersonales/grupo4_clase7_tm/internal/users/repository.go:101.16,103.3 1 0
github.com/simonsimonian1/modulo7_GoWeb/clase3/C3-tm-estructuraDeCapas/EjerciciosPersonales/grupo4_clase7_tm/internal/users/repository.go:105.23,107.24 1 1
github.com/simonsimonian1/modulo7_GoWeb/clase3/C3-tm-estructuraDeCapas/EjerciciosPersonales/grupo4_clase7_tm/internal/users/repository.go:107.24,110.50 3 1
github.com/simonsimonian1/modulo7_GoWeb/clase3/C3-tm-estructuraDeCapas/EjerciciosPersonales/grupo4_clase7_tm/internal/users/repository.go:113.4,114.18 2 1
github.com/simonsimonian1/modulo7_GoWeb/clase3/C3-tm-estructuraDeCapas/EjerciciosPersonales/grupo4_clase7_tm/internal/users/repository.go:110.50,112.5 1 0
github.com/simonsimonian1/modulo7_GoWeb/clase3/C3-tm-estructuraDeCapas/EjerciciosPersonales/grupo4_clase7_tm/internal/users/repository.go:117.14,119.3 1 0
github.com/simonsimonian1/modulo7_GoWeb/clase3/C3-tm-estructuraDeCapas/EjerciciosPersonales/grupo4_clase7_tm/internal/users/repository.go:123.43,127.16 4 1
github.com/simonsimonian1/modulo7_GoWeb/clase3/C3-tm-estructuraDeCapas/EjerciciosPersonales/grupo4_clase7_tm/internal/users/repository.go:130.2,130.23 1 1
github.com/simonsimonian1/modulo7_GoWeb/clase3/C3-tm-estructuraDeCapas/EjerciciosPersonales/grupo4_clase7_tm/internal/users/repository.go:137.2,137.19 1 1
github.com/simonsimonian1/modulo7_GoWeb/clase3/C3-tm-estructuraDeCapas/EjerciciosPersonales/grupo4_clase7_tm/internal/users/repository.go:140.2,141.48 2 1
github.com/simonsimonian1/modulo7_GoWeb/clase3/C3-tm-estructuraDeCapas/EjerciciosPersonales/grupo4_clase7_tm/internal/users/repository.go:144.2,144.12 1 1
github.com/simonsimonian1/modulo7_GoWeb/clase3/C3-tm-estructuraDeCapas/EjerciciosPersonales/grupo4_clase7_tm/internal/users/repository.go:127.16,129.3 1 0
github.com/simonsimonian1/modulo7_GoWeb/clase3/C3-tm-estructuraDeCapas/EjerciciosPersonales/grupo4_clase7_tm/internal/users/repository.go:130.23,131.24 1 1
github.com/simonsimonian1/modulo7_GoWeb/clase3/C3-tm-estructuraDeCapas/EjerciciosPersonales/grupo4_clase7_tm/internal/users/repository.go:131.24,134.9 3 1
github.com/simonsimonian1/modulo7_GoWeb/clase3/C3-tm-estructuraDeCapas/EjerciciosPersonales/grupo4_clase7_tm/internal/users/repository.go:137.19,139.3 1 1
github.com/simonsimonian1/modulo7_GoWeb/clase3/C3-tm-estructuraDeCapas/EjerciciosPersonales/grupo4_clase7_tm/internal/users/repository.go:141.48,143.3 1 0
github.com/simonsimonian1/modulo7_GoWeb/clase3/C3-tm-estructuraDeCapas/EjerciciosPersonales/grupo4_clase7_tm/internal/users/repository.go:147.47,151.2 1 1
github.com/simonsimonian1/modulo7_GoWeb/clase3/C3-tm-estructuraDeCapas/EjerciciosPersonales/grupo4_clase7_tm/internal/users/service.go:15.158,17.2 1 1
github.com/simonsimonian1/modulo7_GoWeb/clase3/C3-tm-estructuraDeCapas/EjerciciosPersonales/grupo4_clase7_tm/internal/users/service.go:19.94,21.2 1 1
github.com/simonsimonian1/modulo7_GoWeb/clase3/C3-tm-estructuraDeCapas/EjerciciosPersonales/grupo4_clase7_tm/internal/users/service.go:23.44,25.16 2 1
github.com/simonsimonian1/modulo7_GoWeb/clase3/C3-tm-estructuraDeCapas/EjerciciosPersonales/grupo4_clase7_tm/internal/users/service.go:28.2,28.19 1 1
github.com/simonsimonian1/modulo7_GoWeb/clase3/C3-tm-estructuraDeCapas/EjerciciosPersonales/grupo4_clase7_tm/internal/users/service.go:25.16,27.3 1 0
github.com/simonsimonian1/modulo7_GoWeb/clase3/C3-tm-estructuraDeCapas/EjerciciosPersonales/grupo4_clase7_tm/internal/users/service.go:31.128,33.16 2 1
github.com/simonsimonian1/modulo7_GoWeb/clase3/C3-tm-estructuraDeCapas/EjerciciosPersonales/grupo4_clase7_tm/internal/users/service.go:37.2,41.16 3 1
github.com/simonsimonian1/modulo7_GoWeb/clase3/C3-tm-estructuraDeCapas/EjerciciosPersonales/grupo4_clase7_tm/internal/users/service.go:45.2,45.18 1 1
github.com/simonsimonian1/modulo7_GoWeb/clase3/C3-tm-estructuraDeCapas/EjerciciosPersonales/grupo4_clase7_tm/internal/users/service.go:33.16,35.3 1 0
github.com/simonsimonian1/modulo7_GoWeb/clase3/C3-tm-estructuraDeCapas/EjerciciosPersonales/grupo4_clase7_tm/internal/users/service.go:41.16,43.3 1 0
github.com/simonsimonian1/modulo7_GoWeb/clase3/C3-tm-estructuraDeCapas/EjerciciosPersonales/grupo4_clase7_tm/internal/users/service.go:48.40,50.2 1 1
github.com/simonsimonian1/modulo7_GoWeb/clase3/C3-tm-estructuraDeCapas/EjerciciosPersonales/grupo4_clase7_tm/internal/users/service.go:52.39,56.2 1 1
